C:\Program Files (x86)\Microsoft Visual Studio\2019\Community\MSBuild\Microsoft\VC\v160\Microsoft.CppBuild.targets(498,5): warning MSB8004: El directorio Intermediate no termina con una barra diagonal final. Esta instancia de compilación agregará la barra diagonal porque es necesaria para que se pueda evaluar correctamente el directorio Intermediate.
  Ajedrez.cpp
D:\Programacion\Ajedrez_3\Ajedrez_3\src\TableroGL.h(17,1): warning C4305: '=': truncamiento de 'double' a 'float'
  TableroGL.cpp
D:\Programacion\Ajedrez_3\Ajedrez_3\src\TableroGL.h(17,1): warning C4305: '=': truncamiento de 'double' a 'float'
D:\Programacion\Ajedrez_3\Ajedrez_3\src\TableroGL.cpp(88,35): warning C4244: 'argumento': conversión de 'double' a 'GLfloat'; posible pérdida de datos
D:\Programacion\Ajedrez_3\Ajedrez_3\src\TableroGL.cpp(88,25): warning C4244: 'argumento': conversión de 'double' a 'GLfloat'; posible pérdida de datos
D:\Programacion\Ajedrez_3\Ajedrez_3\src\TableroGL.cpp(88,15): warning C4244: 'argumento': conversión de 'double' a 'GLfloat'; posible pérdida de datos
D:\Programacion\Ajedrez_3\Ajedrez_3\src\TableroGL.cpp(90,37): warning C4244: 'argumento': conversión de 'double' a 'GLfloat'; posible pérdida de datos
D:\Programacion\Ajedrez_3\Ajedrez_3\src\TableroGL.cpp(90,26): warning C4244: 'argumento': conversión de 'double' a 'GLfloat'; posible pérdida de datos
D:\Programacion\Ajedrez_3\Ajedrez_3\src\TableroGL.cpp(90,15): warning C4244: 'argumento': conversión de 'double' a 'GLfloat'; posible pérdida de datos
  Generando código...
Ajedrez.obj : error LNK2019: símbolo externo __imp__glutInitWindowSize@8 sin resolver al que se hace referencia en la función _main
Ajedrez.obj : error LNK2019: símbolo externo __imp__glutInitDisplayMode@4 sin resolver al que se hace referencia en la función _main
Ajedrez.obj : error LNK2019: símbolo externo __imp__glutMainLoop@0 sin resolver al que se hace referencia en la función _main
Ajedrez.obj : error LNK2019: símbolo externo __imp__glutPostRedisplay@0 sin resolver al que se hace referencia en la función "void __cdecl OnKeyboardDown(unsigned char,int,int)" (?OnKeyboardDown@@YAXEHH@Z)
Ajedrez.obj : error LNK2019: símbolo externo __imp__glutSwapBuffers@0 sin resolver al que se hace referencia en la función "void __cdecl OnDraw(void)" (?OnDraw@@YAXXZ)
Ajedrez.obj : error LNK2019: símbolo externo __imp__glutKeyboardFunc@4 sin resolver al que se hace referencia en la función _main
Ajedrez.obj : error LNK2019: símbolo externo __imp__glutDisplayFunc@4 sin resolver al que se hace referencia en la función _main
Ajedrez.obj : error LNK2019: símbolo externo __imp__glutMouseFunc@4 sin resolver al que se hace referencia en la función _main
Ajedrez.obj : error LNK2019: símbolo externo __imp__glutGetModifiers@0 sin resolver al que se hace referencia en la función "void __cdecl OnMouseClick(int,int,int,int)" (?OnMouseClick@@YAXHHHH@Z)
Ajedrez.obj : error LNK2019: símbolo externo __imp____glutInitWithExit@12 sin resolver al que se hace referencia en la función _glutInit_ATEXIT_HACK@8
Ajedrez.obj : error LNK2019: símbolo externo __imp____glutCreateWindowWithExit@8 sin resolver al que se hace referencia en la función _glutCreateWindow_ATEXIT_HACK@4
herramientasgl.obj : error LNK2019: símbolo externo __imp__glutBitmapCharacter@8 sin resolver al que se hace referencia en la función "public: static void __cdecl GLTools::Print(class std::basic_string<char,struct std::char_traits<char>,class std::allocator<char> >,float,float,float,int)" (?Print@GLTools@@SAXV?$basic_string@DU?$char_traits@D@std@@V?$allocator@D@2@@std@@MMMH@Z)
TableroGL.obj : error LNK2019: símbolo externo __imp__glutSolidSphere@16 sin resolver al que se hace referencia en la función "public: void __thiscall TableroGL::drawCasilla(int,int)" (?drawCasilla@TableroGL@@QAEXHH@Z)
lib\freeglut.lib : warning LNK4272: el tipo de máquina de biblioteca 'x64' está en conflicto con el tipo de máquina de destino 'x86'
D:\Programacion\Ajedrez_3\bin\Ajedrez_3.exe : fatal error LNK1120: 13 externos sin resolver
